<?xml version="1.0" encoding="UTF-8"?>
<!-- Generated by org.testng.reporters.JUnitReportReporter -->
<testsuite hostname="DESKTOP-IKFO2HI" failures="0" tests="1" name="org.patient.appointment.TestNGPractice" time="0.017" errors="0" timestamp="2022-07-12T15:53:40 IST" skipped="0">
  <testcase classname="org.patient.appointment.TestNGPractice" name="practice" time="0.017"/>
  <system-out/>
</testsuite> <!-- org.patient.appointment.TestNGPractice -->
